MPASM 5.87                           EJ4.ASM   10-21-2020  22:36:06         PAGE  1


LOC  OBJECT CODE     LINE SOURCE TEXT
  VALUE

                      00001 #include "p16F628a.inc"
                      00001         LIST
                      00002 
                      00003 ;==========================================================================
                      00004 ; Build date : Jan 06 2020
                      00005 ;  MPASM PIC16F628A processor include
                      00006 ; 
                      00007 ;  (c) Copyright 1999-2020 Microchip Technology, All rights reserved
                      00008 ;==========================================================================
                      00009 
Message[301]: MESSAGE: (Processor-header file mismatch.  Verify selected processor.)
                      00386         LIST
Warning[205]: Found directive in column 1. (__CONFIG)
2007   3F19           00002 __CONFIG _FOSC_INTOSCCLK & _WDTE_OFF & _PWRTE_OFF & _MCLRE_OFF & _BOREN_OFF & _LVP_OFF & _CPD_OFF & _CP_
                            OFF
                      00003 
                      00004 RES_VECT CODE 0x0000 ; processor reset vector
Warning[203]: Found opcode in column 1. (GOTO)
0000   2???           00005 GOTO START ; go to beginning of program
                      00006 ; TODO ADD INTERRUPTS HERE IF USED
                      00007 MAIN_PROG CODE ; let linker place main program
                      00008  
  00000030            00009 i equ 0x30
  00000031            00010 j equ 0x31
  00000032            00011 k equ 0x32
  00000033            00012 l equ 0x33
  00000034            00013 m equ 0x34
                      00014 
0000                  00015 START
                      00016  
0000   3007           00017     MOVLW 0x07
0001   009F           00018     MOVWF CMCON
0002   1303           00019     BCF STATUS, RP1
0003   1683           00020     BSF STATUS, RP0
0004   3000           00021     MOVLW b'00000000'
Message[302]: Register in operand not in bank 0.  Ensure that bank bits are correct.
0005   0086           00022     MOVWF TRISB
0006   1283           00023     BCF STATUS, RP0
                      00024     
0007                  00025 inicio:
0007   1406           00026         BSF PORTB, 0
0008   0000           00027         nop
0009   0000           00028         nop
000A   0000           00029         nop
000B   0000           00030         nop
000C   0000           00031         nop
000D   2???           00032         CALL ta
000E   1006           00033         BCF PORTB, 0
000F   2???           00034         CALL tb
0010   2???           00035         GOTO inicio
                      00036         
0011   302B           00037 ta:     MOVLW d'43'
0012   00B0           00038         MOVWF i
MPASM 5.87                           EJ4.ASM   10-21-2020  22:36:06         PAGE  2


LOC  OBJECT CODE     LINE SOURCE TEXT
  VALUE

0013   0000           00039         nop
0014   0000           00040         nop
0015   0000           00041         nop
0016   0000           00042         nop
0017   0000           00043         nop
0018   303C           00044 lopj:   MOVLW d'60'
0019   00B1           00045         MOVWF j
001A   0000           00046         nop
001B   0000           00047         nop
001C   0000           00048         nop
001D   0000           00049         nop
001E   3033           00050 lopk:   MOVLW d'51'
001F   00B2           00051         MOVWF k
0020   0000           00052         nop
Message[305]: Using default destination of 1 (file).
0021   0BB2           00053         DECFSZ k
0022   2???           00054         GOTO $-1
Message[305]: Using default destination of 1 (file).
0023   0BB1           00055         DECFSZ j
0024   2???           00056         GOTO lopk
Message[305]: Using default destination of 1 (file).
0025   0BB0           00057         DECFSZ i
0026   2???           00058         GOTO lopj
0027   0008           00059         RETURN
                      00060         
0028   3036           00061 tb:     MOVLW d'54'
0029   00B0           00062         MOVWF i
002A   3032           00063 loopj:  MOVLW d'50'
002B   00B1           00064         MOVWF j
002C   3041           00065 loopk:  MOVLW d'65'
002D   00B2           00066         MOVWF k
Message[305]: Using default destination of 1 (file).
002E   0BB2           00067         DECFSZ k
002F   2???           00068         GOTO $-1
Message[305]: Using default destination of 1 (file).
0030   0BB1           00069         DECFSZ j
0031   2???           00070         GOTO loopk
Message[305]: Using default destination of 1 (file).
0032   0BB0           00071         DECFSZ i
0033   2???           00072         GOTO loopj
0034   0008           00073         RETURN
Warning[205]: Found directive in column 1. (END)
3F19                  00074 END
MPASM 5.87                           EJ4.ASM   10-21-2020  22:36:06         PAGE  3


SYMBOL TABLE
  LABEL                             VALUE 

ADDEN                             00000003
ADEN                              00000003
BRGH                              00000002
C                                 00000000
C1INV                             00000004
C1OUT                             00000006
C2INV                             00000005
C2OUT                             00000007
CCP1CON                           00000017
CCP1IE                            00000002
CCP1IF                            00000002
CCP1M0                            00000000
CCP1M1                            00000001
CCP1M2                            00000002
CCP1M3                            00000003
CCP1X                             00000005
CCP1Y                             00000004
CCPR1                             00000015
CCPR1H                            00000016
CCPR1L                            00000015
CIS                               00000003
CM0                               00000000
CM1                               00000001
CM2                               00000002
CMCON                             0000001F
CMIE                              00000006
CMIF                              00000006
CREN                              00000004
CSRC                              00000007
DATA_CP_OFF                       00003FFF
DATA_CP_ON                        00003EFF
DC                                00000001
EEADR                             0000009B
EECON1                            0000009C
EECON2                            0000009D
EEDATA                            0000009A
EEIE                              00000007
EEIF                              00000007
F                                 00000001
FERR                              00000002
FSR                               00000004
GIE                               00000007
INDF                              00000000
INTCON                            0000000B
INTE                              00000004
INTEDG                            00000006
INTF                              00000001
IRP                               00000007
NOT_BO                            00000000
NOT_BOD                           00000000
NOT_BOR                           00000000
NOT_PD                            00000003
NOT_POR                           00000001
MPASM 5.87                           EJ4.ASM   10-21-2020  22:36:06         PAGE  4


SYMBOL TABLE
  LABEL                             VALUE 

NOT_RBPU                          00000007
NOT_T1SYNC                        00000002
NOT_TO                            00000004
OERR                              00000001
OPTION_REG                        00000081
OSCF                              00000003
PCL                               00000002
PCLATH                            0000000A
PCON                              0000008E
PEIE                              00000006
PIE1                              0000008C
PIR1                              0000000C
PORTA                             00000005
PORTB                             00000006
PR2                               00000092
PS0                               00000000
PS1                               00000001
PS2                               00000002
PSA                               00000003
RA0                               00000000
RA1                               00000001
RA2                               00000002
RA3                               00000003
RA4                               00000004
RA5                               00000005
RA6                               00000006
RA7                               00000007
RB0                               00000000
RB1                               00000001
RB2                               00000002
RB3                               00000003
RB4                               00000004
RB5                               00000005
RB6                               00000006
RB7                               00000007
RBIE                              00000003
RBIF                              00000000
RCIE                              00000005
RCIF                              00000005
RCREG                             0000001A
RCSTA                             00000018
RD                                00000000
RP0                               00000005
RP1                               00000006
RX9                               00000006
RX9D                              00000000
SPBRG                             00000099
SPEN                              00000007
SREN                              00000005
START                             00000000
STATUS                            00000003
SYNC                              00000004
T0CS                              00000005
MPASM 5.87                           EJ4.ASM   10-21-2020  22:36:06         PAGE  5


SYMBOL TABLE
  LABEL                             VALUE 

T0IE                              00000005
T0IF                              00000002
T0SE                              00000004
T1CKPS0                           00000004
T1CKPS1                           00000005
T1CON                             00000010
T1OSCEN                           00000003
T2CKPS0                           00000000
T2CKPS1                           00000001
T2CON                             00000012
TMR0                              00000001
TMR0IE                            00000005
TMR0IF                            00000002
TMR1                              0000000E
TMR1CS                            00000001
TMR1H                             0000000F
TMR1IE                            00000000
TMR1IF                            00000000
TMR1L                             0000000E
TMR1ON                            00000000
TMR2                              00000011
TMR2IE                            00000001
TMR2IF                            00000001
TMR2ON                            00000002
TOUTPS0                           00000003
TOUTPS1                           00000004
TOUTPS2                           00000005
TOUTPS3                           00000006
TRISA                             00000085
TRISA0                            00000000
TRISA1                            00000001
TRISA2                            00000002
TRISA3                            00000003
TRISA4                            00000004
TRISA5                            00000005
TRISA6                            00000006
TRISA7                            00000007
TRISB                             00000086
TRISB0                            00000000
TRISB1                            00000001
TRISB2                            00000002
TRISB3                            00000003
TRISB4                            00000004
TRISB5                            00000005
TRISB6                            00000006
TRISB7                            00000007
TRMT                              00000001
TX9                               00000006
TX9D                              00000000
TXEN                              00000005
TXIE                              00000004
TXIF                              00000004
TXREG                             00000019
MPASM 5.87                           EJ4.ASM   10-21-2020  22:36:06         PAGE  6


SYMBOL TABLE
  LABEL                             VALUE 

TXSTA                             00000098
VR0                               00000000
VR1                               00000001
VR2                               00000002
VR3                               00000003
VRCON                             0000009F
VREN                              00000007
VROE                              00000006
VRR                               00000005
W                                 00000000
WR                                00000001
WREN                              00000002
WRERR                             00000003
Z                                 00000002
_BODEN_OFF                        00003FBF
_BODEN_ON                         00003FFF
_BOREN_OFF                        00003FBF
_BOREN_ON                         00003FFF
_CONFIG                           00002007
_CPD_OFF                          00003FFF
_CPD_ON                           00003EFF
_CP_OFF                           00003FFF
_CP_ON                            00001FFF
_DEVID1                           00002006
_ER_OSC_CLKOUT                    00003FFF
_ER_OSC_NOCLKOUT                  00003FFE
_EXTCLK_OSC                       00003FEF
_FOSC_ECIO                        00003FEF
_FOSC_EXTRCCLK                    00003FFF
_FOSC_EXTRCIO                     00003FFE
_FOSC_HS                          00003FEE
_FOSC_INTOSCCLK                   00003FFD
_FOSC_INTOSCIO                    00003FFC
_FOSC_LP                          00003FEC
_FOSC_XT                          00003FED
_HS_OSC                           00003FEE
_IDLOC0                           00002000
_IDLOC1                           00002001
_IDLOC2                           00002002
_IDLOC3                           00002003
_INTOSC_OSC_CLKOUT                00003FFD
_INTOSC_OSC_NOCLKOUT              00003FFC
_INTRC_OSC_CLKOUT                 00003FFD
_INTRC_OSC_NOCLKOUT               00003FFC
_LP_OSC                           00003FEC
_LVP_OFF                          00003F7F
_LVP_ON                           00003FFF
_MAIN_PROG_0022                   00000022
_MAIN_PROG_002F                   0000002F
_MCLRE_OFF                        00003FDF
_MCLRE_ON                         00003FFF
_PWRTE_OFF                        00003FFF
_PWRTE_ON                         00003FF7
MPASM 5.87                           EJ4.ASM   10-21-2020  22:36:06         PAGE  7


SYMBOL TABLE
  LABEL                             VALUE 

_RC_OSC_CLKOUT                    00003FFF
_RC_OSC_NOCLKOUT                  00003FFE
_WDTE_OFF                         00003FFB
_WDTE_ON                          00003FFF
_WDT_OFF                          00003FFB
_WDT_ON                           00003FFF
_XT_OSC                           00003FED
__16F648A                         00000001
i                                 00000030
inicio                            00000007
j                                 00000031
k                                 00000032
l                                 00000033
loopj                             0000002A
loopk                             0000002C
lopj                              00000018
lopk                              0000001E
m                                 00000034
ta                                00000011
tb                                00000028

Errors   :     0
Warnings :     3 reported,     0 suppressed
Messages :     8 reported,     0 suppressed

